2025-10-12 10:29:35 [HikariPool-1:housekeeper] WARN  com.zaxxer.hikari.pool.HikariPool - HikariPool-1 - Thread starvation or clock leap detected (housekeeper delta=18h58m24s891ms146µs400ns).
2025-10-12 10:40:05 [HikariPool-1:housekeeper] WARN  com.zaxxer.hikari.pool.HikariPool - HikariPool-1 - Thread starvation or clock leap detected (housekeeper delta=4m59s558ms146µs600ns).
2025-10-12 11:09:31 [HikariPool-1:housekeeper] WARN  com.zaxxer.hikari.pool.HikariPool - HikariPool-1 - Thread starvation or clock leap detected (housekeeper delta=27m56s462ms754µs).
2025-10-12 12:05:55 [HikariPool-1:housekeeper] WARN  com.zaxxer.hikari.pool.HikariPool - HikariPool-1 - Thread starvation or clock leap detected (housekeeper delta=53m20s395ms803µs600ns).
2025-10-12 12:15:26 [main] INFO  c.b.recetas.RecetasApplication - Starting RecetasApplication using Java 17.0.12 with PID 14548 (C:\Users\simga\Desktop\Proyectos\Aplicacion recetas\Backend\recetas\target\classes started by simga in c:\Users\simga\Desktop\Proyectos\Aplicacion recetas\Backend\recetas)
2025-10-12 12:15:26 [main] INFO  c.b.recetas.RecetasApplication - No active profile set, falling back to 1 default profile: "default"
2025-10-12 12:15:27 [main] INFO  o.s.d.r.c.RepositoryConfigurationDelegate - Bootstrapping Spring Data JPA repositories in DEFAULT mode.
2025-10-12 12:15:27 [main] INFO  o.s.d.r.c.RepositoryConfigurationDelegate - Finished Spring Data repository scanning in 139 ms. Found 8 JPA repository interfaces.
2025-10-12 12:15:29 [main] INFO  o.s.b.w.e.tomcat.TomcatWebServer - Tomcat initialized with port 8080 (http)
2025-10-12 12:15:29 [main] INFO  o.a.catalina.core.StandardService - Starting service [Tomcat]
2025-10-12 12:15:29 [main] INFO  o.a.catalina.core.StandardEngine - Starting Servlet engine: [Apache Tomcat/10.1.44]
2025-10-12 12:15:29 [main] INFO  o.a.c.c.C.[Tomcat].[localhost].[/] - Initializing Spring embedded WebApplicationContext
2025-10-12 12:15:29 [main] INFO  o.s.b.w.s.c.ServletWebServerApplicationContext - Root WebApplicationContext: initialization completed in 2997 ms
2025-10-12 12:15:30 [main] INFO  o.s.o.j.p.SpringPersistenceUnitInfo - No LoadTimeWeaver setup: ignoring JPA class transformer
2025-10-12 12:15:30 [main] INFO  com.zaxxer.hikari.HikariDataSource - HikariPool-1 - Starting...
2025-10-12 12:15:31 [main] INFO  com.zaxxer.hikari.pool.HikariPool - HikariPool-1 - Added connection com.mysql.cj.jdbc.ConnectionImpl@5fb44964
2025-10-12 12:15:31 [main] INFO  com.zaxxer.hikari.HikariDataSource - HikariPool-1 - Start completed.
2025-10-12 12:15:31 [main] WARN  org.hibernate.orm.deprecation - HHH90000025: MySQL8Dialect does not need to be specified explicitly using 'hibernate.dialect' (remove the property setting and it will be selected by default)
2025-10-12 12:15:31 [main] WARN  org.hibernate.orm.deprecation - HHH90000026: MySQL8Dialect has been deprecated; use org.hibernate.dialect.MySQLDialect instead
2025-10-12 12:15:33 [main] INFO  o.s.o.j.LocalContainerEntityManagerFactoryBean - Initialized JPA EntityManagerFactory for persistence unit 'default'
2025-10-12 12:15:36 [main] INFO  o.s.b.w.e.tomcat.TomcatWebServer - Tomcat started on port 8080 (http) with context path '/'
2025-10-12 12:15:36 [main] INFO  c.b.recetas.RecetasApplication - Started RecetasApplication in 10.604 seconds (process running for 11.075)
2025-10-12 12:18:26 [http-nio-8080-exec-3] INFO  o.a.c.c.C.[Tomcat].[localhost].[/] - Initializing Spring DispatcherServlet 'dispatcherServlet'
2025-10-12 12:18:26 [http-nio-8080-exec-3] INFO  o.s.web.servlet.DispatcherServlet - Initializing Servlet 'dispatcherServlet'
2025-10-12 12:18:26 [http-nio-8080-exec-3] INFO  o.s.web.servlet.DispatcherServlet - Completed initialization in 3 ms
2025-10-12 12:18:26 [http-nio-8080-exec-2] INFO  c.b.recetas.Service.UsuarioService - ? Buscando usuario por email: renata@gmail.com
2025-10-12 12:18:27 [http-nio-8080-exec-2] INFO  c.b.recetas.Service.UsuarioService - ? Contraseña correcta
2025-10-12 12:18:28 [http-nio-8080-exec-1] INFO  c.b.recetas.Service.UsuarioService - ? Buscando usuario por email: renata@gmail.com
2025-10-12 12:18:28 [http-nio-8080-exec-1] INFO  c.b.recetas.Service.UsuarioService - ? Contraseña correcta
2025-10-12 12:18:34 [http-nio-8080-exec-4] INFO  c.b.recetas.Service.UsuarioService - ? Buscando usuario por email: mateo@gmail.com
2025-10-12 12:18:59 [http-nio-8080-exec-6] INFO  c.b.recetas.Service.UsuarioService - ? Creando usuario: email=probando@gmail.com
2025-10-12 12:19:00 [http-nio-8080-exec-6] INFO  c.b.recetas.Service.UsuarioService - ? Usuario creado correctamente: id=20, email=probando@gmail.com
2025-10-12 12:19:11 [http-nio-8080-exec-7] INFO  c.b.recetas.Service.UsuarioService - ? Buscando usuario por email: probando@gmail.com
2025-10-12 12:19:11 [http-nio-8080-exec-7] INFO  c.b.recetas.Service.UsuarioService - ? Contraseña correcta
2025-10-12 12:22:40 [http-nio-8080-exec-10] INFO  c.b.recetas.Service.UsuarioService - ? Buscando usuario por email: probando@gmail.com
2025-10-12 12:22:40 [http-nio-8080-exec-10] INFO  c.b.recetas.Service.UsuarioService - ? Contraseña correcta
2025-10-12 12:22:41 [http-nio-8080-exec-9] INFO  c.b.recetas.Service.UsuarioService - ? Buscando usuario por email: probando@gmail.com
2025-10-12 12:22:42 [http-nio-8080-exec-9] INFO  c.b.recetas.Service.UsuarioService - ? Contraseña correcta
2025-10-12 12:23:40 [http-nio-8080-exec-3] INFO  c.b.recetas.Service.UsuarioService - ? Buscando usuario por email: probando@gmail.com
2025-10-12 12:23:40 [http-nio-8080-exec-3] INFO  c.b.recetas.Service.UsuarioService - ? Contraseña correcta
2025-10-12 12:25:49 [main] INFO  c.b.recetas.RecetasApplication - Starting RecetasApplication using Java 17.0.12 with PID 47740 (C:\Users\simga\Desktop\Proyectos\Aplicacion recetas\Backend\recetas\target\classes started by simga in c:\Users\simga\Desktop\Proyectos\Aplicacion recetas\Backend\recetas)
2025-10-12 12:25:49 [main] INFO  c.b.recetas.RecetasApplication - No active profile set, falling back to 1 default profile: "default"
2025-10-12 12:25:51 [main] INFO  o.s.d.r.c.RepositoryConfigurationDelegate - Bootstrapping Spring Data JPA repositories in DEFAULT mode.
2025-10-12 12:25:51 [main] INFO  o.s.d.r.c.RepositoryConfigurationDelegate - Finished Spring Data repository scanning in 138 ms. Found 8 JPA repository interfaces.
2025-10-12 12:25:52 [main] INFO  o.s.b.w.e.tomcat.TomcatWebServer - Tomcat initialized with port 8080 (http)
2025-10-12 12:25:52 [main] INFO  o.a.catalina.core.StandardService - Starting service [Tomcat]
2025-10-12 12:25:52 [main] INFO  o.a.catalina.core.StandardEngine - Starting Servlet engine: [Apache Tomcat/10.1.44]
2025-10-12 12:25:52 [main] INFO  o.a.c.c.C.[Tomcat].[localhost].[/] - Initializing Spring embedded WebApplicationContext
2025-10-12 12:25:52 [main] INFO  o.s.b.w.s.c.ServletWebServerApplicationContext - Root WebApplicationContext: initialization completed in 3123 ms
2025-10-12 12:25:53 [main] INFO  o.s.o.j.p.SpringPersistenceUnitInfo - No LoadTimeWeaver setup: ignoring JPA class transformer
2025-10-12 12:25:54 [main] INFO  com.zaxxer.hikari.HikariDataSource - HikariPool-1 - Starting...
2025-10-12 12:25:54 [main] INFO  com.zaxxer.hikari.pool.HikariPool - HikariPool-1 - Added connection com.mysql.cj.jdbc.ConnectionImpl@521a506c
2025-10-12 12:25:54 [main] INFO  com.zaxxer.hikari.HikariDataSource - HikariPool-1 - Start completed.
2025-10-12 12:25:54 [main] WARN  org.hibernate.orm.deprecation - HHH90000025: MySQL8Dialect does not need to be specified explicitly using 'hibernate.dialect' (remove the property setting and it will be selected by default)
2025-10-12 12:25:54 [main] WARN  org.hibernate.orm.deprecation - HHH90000026: MySQL8Dialect has been deprecated; use org.hibernate.dialect.MySQLDialect instead
2025-10-12 12:25:56 [main] INFO  o.s.o.j.LocalContainerEntityManagerFactoryBean - Initialized JPA EntityManagerFactory for persistence unit 'default'
2025-10-12 12:25:59 [main] INFO  o.s.b.w.e.tomcat.TomcatWebServer - Tomcat started on port 8080 (http) with context path '/'
2025-10-12 12:25:59 [main] INFO  c.b.recetas.RecetasApplication - Started RecetasApplication in 10.864 seconds (process running for 11.291)
2025-10-12 12:45:56 [http-nio-8080-exec-1] INFO  o.a.c.c.C.[Tomcat].[localhost].[/] - Initializing Spring DispatcherServlet 'dispatcherServlet'
2025-10-12 12:45:56 [http-nio-8080-exec-1] INFO  o.s.web.servlet.DispatcherServlet - Initializing Servlet 'dispatcherServlet'
2025-10-12 12:45:56 [http-nio-8080-exec-1] INFO  o.s.web.servlet.DispatcherServlet - Completed initialization in 3 ms
2025-10-12 12:45:56 [http-nio-8080-exec-1] INFO  c.b.recetas.Service.UsuarioService - ? Buscando usuario por email: yazyga6@gmail.com
2025-10-12 12:45:57 [http-nio-8080-exec-2] INFO  c.b.recetas.Service.UsuarioService - ? Buscando usuario por email: yazyga6@gmail.com
2025-10-12 12:46:32 [http-nio-8080-exec-3] INFO  c.b.recetas.Service.UsuarioService - ? Creando usuario: email=yazyga6@gmail.com
2025-10-12 12:46:32 [http-nio-8080-exec-3] INFO  c.b.recetas.Service.UsuarioService - ? Usuario creado correctamente: id=21, email=yazyga6@gmail.com
2025-10-12 12:46:49 [http-nio-8080-exec-7] INFO  c.b.recetas.Service.UsuarioService - ? Buscando usuario por email: yazyga6@gmail.com
2025-10-12 12:46:50 [http-nio-8080-exec-7] INFO  c.b.recetas.Service.UsuarioService - ? Contraseña incorrecta
2025-10-12 12:46:54 [http-nio-8080-exec-5] INFO  c.b.recetas.Service.UsuarioService - ? Buscando usuario por email: yazyga6@gmail.com
2025-10-12 12:46:54 [http-nio-8080-exec-5] INFO  c.b.recetas.Service.UsuarioService - ? Contraseña correcta
2025-10-12 14:34:53 [main] INFO  c.b.recetas.RecetasApplication - Starting RecetasApplication using Java 17.0.12 with PID 16680 (C:\Users\simga\Desktop\Proyectos\Aplicacion recetas\Backend\recetas\target\classes started by simga in c:\Users\simga\Desktop\Proyectos\Aplicacion recetas\Backend\recetas)
2025-10-12 14:34:53 [main] INFO  c.b.recetas.RecetasApplication - No active profile set, falling back to 1 default profile: "default"
2025-10-12 14:34:55 [main] INFO  o.s.d.r.c.RepositoryConfigurationDelegate - Bootstrapping Spring Data JPA repositories in DEFAULT mode.
2025-10-12 14:34:55 [main] INFO  o.s.d.r.c.RepositoryConfigurationDelegate - Finished Spring Data repository scanning in 174 ms. Found 8 JPA repository interfaces.
2025-10-12 14:34:57 [main] INFO  o.s.b.w.e.tomcat.TomcatWebServer - Tomcat initialized with port 8080 (http)
2025-10-12 14:34:57 [main] INFO  o.a.catalina.core.StandardService - Starting service [Tomcat]
2025-10-12 14:34:57 [main] INFO  o.a.catalina.core.StandardEngine - Starting Servlet engine: [Apache Tomcat/10.1.44]
2025-10-12 14:34:57 [main] INFO  o.a.c.c.C.[Tomcat].[localhost].[/] - Initializing Spring embedded WebApplicationContext
2025-10-12 14:34:57 [main] INFO  o.s.b.w.s.c.ServletWebServerApplicationContext - Root WebApplicationContext: initialization completed in 3487 ms
2025-10-12 14:34:59 [main] INFO  o.s.o.j.p.SpringPersistenceUnitInfo - No LoadTimeWeaver setup: ignoring JPA class transformer
2025-10-12 14:34:59 [main] INFO  com.zaxxer.hikari.HikariDataSource - HikariPool-1 - Starting...
2025-10-12 14:34:59 [main] INFO  com.zaxxer.hikari.pool.HikariPool - HikariPool-1 - Added connection com.mysql.cj.jdbc.ConnectionImpl@5bd3ca3c
2025-10-12 14:34:59 [main] INFO  com.zaxxer.hikari.HikariDataSource - HikariPool-1 - Start completed.
2025-10-12 14:34:59 [main] WARN  org.hibernate.orm.deprecation - HHH90000025: MySQL8Dialect does not need to be specified explicitly using 'hibernate.dialect' (remove the property setting and it will be selected by default)
2025-10-12 14:34:59 [main] WARN  org.hibernate.orm.deprecation - HHH90000026: MySQL8Dialect has been deprecated; use org.hibernate.dialect.MySQLDialect instead
2025-10-12 14:35:01 [main] INFO  o.s.o.j.LocalContainerEntityManagerFactoryBean - Initialized JPA EntityManagerFactory for persistence unit 'default'
2025-10-12 14:35:03 [main] INFO  o.s.b.w.e.tomcat.TomcatWebServer - Tomcat started on port 8080 (http) with context path '/'
2025-10-12 14:35:03 [main] INFO  c.b.recetas.RecetasApplication - Started RecetasApplication in 10.676 seconds (process running for 11.281)
2025-10-12 14:45:08 [main] INFO  c.b.recetas.RecetasApplication - Starting RecetasApplication using Java 17.0.12 with PID 47004 (C:\Users\simga\Desktop\Proyectos\Aplicacion recetas\Backend\recetas\target\classes started by simga in c:\Users\simga\Desktop\Proyectos\Aplicacion recetas\Backend\recetas)
2025-10-12 14:45:08 [main] INFO  c.b.recetas.RecetasApplication - No active profile set, falling back to 1 default profile: "default"
2025-10-12 14:45:10 [main] INFO  o.s.d.r.c.RepositoryConfigurationDelegate - Bootstrapping Spring Data JPA repositories in DEFAULT mode.
2025-10-12 14:45:10 [main] INFO  o.s.d.r.c.RepositoryConfigurationDelegate - Finished Spring Data repository scanning in 155 ms. Found 8 JPA repository interfaces.
2025-10-12 14:45:11 [main] INFO  o.s.b.w.e.tomcat.TomcatWebServer - Tomcat initialized with port 8080 (http)
2025-10-12 14:45:11 [main] INFO  o.a.catalina.core.StandardService - Starting service [Tomcat]
2025-10-12 14:45:11 [main] INFO  o.a.catalina.core.StandardEngine - Starting Servlet engine: [Apache Tomcat/10.1.44]
2025-10-12 14:45:11 [main] INFO  o.a.c.c.C.[Tomcat].[localhost].[/] - Initializing Spring embedded WebApplicationContext
2025-10-12 14:45:11 [main] INFO  o.s.b.w.s.c.ServletWebServerApplicationContext - Root WebApplicationContext: initialization completed in 3364 ms
2025-10-12 14:45:13 [main] INFO  o.s.o.j.p.SpringPersistenceUnitInfo - No LoadTimeWeaver setup: ignoring JPA class transformer
2025-10-12 14:45:13 [main] INFO  com.zaxxer.hikari.HikariDataSource - HikariPool-1 - Starting...
2025-10-12 14:45:13 [main] INFO  com.zaxxer.hikari.pool.HikariPool - HikariPool-1 - Added connection com.mysql.cj.jdbc.ConnectionImpl@42503099
2025-10-12 14:45:13 [main] INFO  com.zaxxer.hikari.HikariDataSource - HikariPool-1 - Start completed.
2025-10-12 14:45:13 [main] WARN  org.hibernate.orm.deprecation - HHH90000025: MySQL8Dialect does not need to be specified explicitly using 'hibernate.dialect' (remove the property setting and it will be selected by default)
2025-10-12 14:45:13 [main] WARN  org.hibernate.orm.deprecation - HHH90000026: MySQL8Dialect has been deprecated; use org.hibernate.dialect.MySQLDialect instead
2025-10-12 14:45:15 [main] INFO  o.s.o.j.LocalContainerEntityManagerFactoryBean - Initialized JPA EntityManagerFactory for persistence unit 'default'
2025-10-12 14:45:16 [main] INFO  o.s.b.w.e.tomcat.TomcatWebServer - Tomcat started on port 8080 (http) with context path '/'
2025-10-12 14:45:16 [main] INFO  c.b.recetas.RecetasApplication - Started RecetasApplication in 9.526 seconds (process running for 10.174)
2025-10-12 15:31:19 [http-nio-192.168.109.1-8080-exec-2] INFO  o.a.c.c.C.[Tomcat].[localhost].[/] - Initializing Spring DispatcherServlet 'dispatcherServlet'
2025-10-12 15:31:19 [http-nio-192.168.109.1-8080-exec-2] INFO  o.s.web.servlet.DispatcherServlet - Initializing Servlet 'dispatcherServlet'
2025-10-12 15:31:19 [http-nio-192.168.109.1-8080-exec-2] INFO  o.s.web.servlet.DispatcherServlet - Completed initialization in 107 ms
2025-10-12 15:31:20 [http-nio-192.168.109.1-8080-exec-3] INFO  c.b.recetas.Service.UsuarioService - ? Buscando usuario por email: probando@gmail.com
2025-10-12 15:31:20 [http-nio-192.168.109.1-8080-exec-1] INFO  c.b.recetas.Service.UsuarioService - ? Buscando usuario por email: probando@gmail.com
2025-10-12 15:31:21 [http-nio-192.168.109.1-8080-exec-1] INFO  c.b.recetas.Service.UsuarioService - ? Contraseña correcta
2025-10-12 15:31:21 [http-nio-192.168.109.1-8080-exec-3] INFO  c.b.recetas.Service.UsuarioService - ? Contraseña correcta
